<?xml version="1.0" encoding="UTF-8"?>
<!-- Generated by org.testng.reporters.JUnitReportReporter -->
<testsuite skipped="0" hostname="X7016209" name="ctl.e2e.com.maven.project.ctl.e2e.com.maven.project.jenkin.github.JenkinGithubSampleMethod" tests="1" failures="0" timestamp="03 Aug 2017 19:50:09 GMT" time="0.019" errors="0">
  <testcase name="jenkinGithubSampleMethod" time="0.019" classname="ctl.e2e.com.maven.project.ctl.e2e.com.maven.project.jenkin.github.JenkinGithubSampleMethod"/>
</testsuite> <!-- ctl.e2e.com.maven.project.ctl.e2e.com.maven.project.jenkin.github.JenkinGithubSampleMethod -->
